********************************************************************************
DUPLICATOR-LITE PACKAGE-LOG: January 23, 2024 10:16 am
NOTICE: Do NOT post to public sites or forums 
********************************************************************************
VERSION:	1.5.8
WORDPRESS:	6.4.2
PHP INFO:	8.2.12 | SAPI: apache2handler
SERVER:		Apache/2.4.58 (Win64) OpenSSL/3.1.3 PHP/8.2.12 
PHP TIME LIMIT: (0) no time limit imposed 
PHP MAX MEMORY: 4294967296 (512M default) 
MEMORY STACK: 70MB
[CTRL DUP ARCIVE] PACKAGE AS NEW ID 1 SAVED | STATUS:0
[DUP ARCHIVE] BUILDING DATABASE

********************************************************************************
DATABASE:
********************************************************************************
BUILD MODE:   MYSQLDUMP
MYSQLTIMEOUT: 5000
MYSQLDUMP:    Is Supported
SQL CREATED: 20240123_welcometosgsits_dc0b641e80b702691518_20240123101641_database.sql
SQL FILE SIZE: 17.9MB (18767374)
SQL FILE TIME: 2024-01-23 10:17:11
SQL RUNTIME: 20.11 sec.
[DUP ARCHIVE] VALIDATING DATABASE
[DUP ARCHIVE] DONE DATABASE

********************************************************************************
ARCHIVE Type=DUP Mode=DupArchive
********************************************************************************
ARCHIVE DIR:  C:/xampp/htdocs/wordpress
ARCHIVE FILE: 20240123_welcometosgsits_dc0b641e80b702691518_20240123101641_archive.daf
FILTERS: *OFF*
DIRS:
	not set
FILES:
	not set
EXTS:  not set
----------------------------------------
COMPRESSING
SIZE:	219.92MB
STATS:	Dirs 1,772 | Files 8,747 | Total 10,519
[DUP ARCHIVE] DONE ARCHIVE
[DUP ARCHIVE] DONE ARCHIVE
[DUP ARCHIVE] DONE ARCHIVE
[DUP ARCHIVE] DONE ARCHIVE
[DUP ARCHIVE] DONE ARCHIVE
[DUP ARCHIVE] DONE ARCHIVE
[DUP ARCHIVE] DONE ARCHIVE
[DUP ARCHIVE] DONE ARCHIVE
[DUP ARCHIVE] DONE ARCHIVE
[DUP ARCHIVE] DONE ARCHIVE
building installer
[DUP ARCHIVE] DONE ARCHIVE
COMPRESSED SIZE: 93MB
ARCHIVE RUNTIME: 127.70 sec.
MEMORY STACK: 76MB
CREATE WARNINGS: No warnings.
VALIDATION WARNINGS: No warnings.
[DUP ARCHIVE] DONE ARCHIVE
[DUP ARCHIVE] HAS COMPLETED CLOSING
[DUP ARCHIVE] DUP ARCHIVE INTEGRITY CHECK

********************************************************************************
INTEGRITY CHECKS:
********************************************************************************
SQL FILE: 17.9MB
INSTALLER FILE: 94.82KB
ARCHIVE FILE: 93MB 
EXPECTED FILE/DIRECTORY COUNT: 11,258
ACTUAL FILE/DIRECTORY COUNT: 11,259

********************************************************************************
RECORD ID:[1]
TOTAL PROCESS RUNTIME: 127.71 sec.
PEAK PHP MEMORY USED: 80MB
DONE PROCESSING => 20240123_welcometosgsits 2024-01-23 10:18:59

